GowinSynthesis start
Running parser ...
Analyzing Verilog file 'D:\Gowin\Gowin_V1.9.9_x64\IDE\ipcore\EQUALIZER\data\Equalizer_wrap.v'
Analyzing included file 'define.vh'("D:\Gowin\Gowin_V1.9.9_x64\IDE\ipcore\EQUALIZER\data\Equalizer_wrap.v":1)
Back to file 'D:\Gowin\Gowin_V1.9.9_x64\IDE\ipcore\EQUALIZER\data\Equalizer_wrap.v'("D:\Gowin\Gowin_V1.9.9_x64\IDE\ipcore\EQUALIZER\data\Equalizer_wrap.v":1)
Analyzing included file 'D:\Gowin\Gowin_V1.9.9_x64\IDE\ipcore\EQUALIZER\data\static_macro_define.v'("D:\Gowin\Gowin_V1.9.9_x64\IDE\ipcore\EQUALIZER\data\Equalizer_wrap.v":2)
Back to file 'D:\Gowin\Gowin_V1.9.9_x64\IDE\ipcore\EQUALIZER\data\Equalizer_wrap.v'("D:\Gowin\Gowin_V1.9.9_x64\IDE\ipcore\EQUALIZER\data\Equalizer_wrap.v":2)
Analyzing included file 'parameter.vh'("D:\Gowin\Gowin_V1.9.9_x64\IDE\ipcore\EQUALIZER\data\Equalizer_wrap.v":21)
Back to file 'D:\Gowin\Gowin_V1.9.9_x64\IDE\ipcore\EQUALIZER\data\Equalizer_wrap.v'("D:\Gowin\Gowin_V1.9.9_x64\IDE\ipcore\EQUALIZER\data\Equalizer_wrap.v":21)
Analyzing Verilog file 'D:\Gowin\Gowin_V1.9.9_x64\IDE\ipcore\EQUALIZER\data\Equalizer.v'
Analyzing included file 'define.vh'("D:\Gowin\Gowin_V1.9.9_x64\IDE\ipcore\EQUALIZER\data\Equalizer.v":544)
Back to file 'D:\Gowin\Gowin_V1.9.9_x64\IDE\ipcore\EQUALIZER\data\Equalizer.v'("D:\Gowin\Gowin_V1.9.9_x64\IDE\ipcore\EQUALIZER\data\Equalizer.v":544)
Analyzing included file 'D:\Gowin\Gowin_V1.9.9_x64\IDE\ipcore\EQUALIZER\data\static_macro_define.v'("D:\Gowin\Gowin_V1.9.9_x64\IDE\ipcore\EQUALIZER\data\Equalizer.v":544)
Back to file 'D:\Gowin\Gowin_V1.9.9_x64\IDE\ipcore\EQUALIZER\data\Equalizer.v'("D:\Gowin\Gowin_V1.9.9_x64\IDE\ipcore\EQUALIZER\data\Equalizer.v":544)
Undeclared symbol '**', assumed default net type '**'("D:\Gowin\Gowin_V1.9.9_x64\IDE\ipcore\EQUALIZER\data\Equalizer.v":0)
Compiling module 'Equalizer_Top'("D:\Gowin\Gowin_V1.9.9_x64\IDE\ipcore\EQUALIZER\data\Equalizer_wrap.v":3)
Compiling module '**'("D:\Gowin\Gowin_V1.9.9_x64\IDE\ipcore\EQUALIZER\data\Equalizer.v":0)
Compiling module '**'("D:\Gowin\Gowin_V1.9.9_x64\IDE\ipcore\EQUALIZER\data\Equalizer.v":0)
Compiling module '**'("D:\Gowin\Gowin_V1.9.9_x64\IDE\ipcore\EQUALIZER\data\Equalizer.v":0)
Compiling module '**'("D:\Gowin\Gowin_V1.9.9_x64\IDE\ipcore\EQUALIZER\data\Equalizer.v":0)
Extracting RAM for identifier '**'("D:\Gowin\Gowin_V1.9.9_x64\IDE\ipcore\EQUALIZER\data\Equalizer.v":0)
WARN  (EX2526) : Entry size ** at **:** does not match memory width **("D:\Gowin\Gowin_V1.9.9_x64\IDE\ipcore\EQUALIZER\data\Equalizer.v":0)
WARN  (EX3792) : Literal value 18'b11111111111110000000001000011001 truncated to fit in 18 bits
WARN  (EX3792) : Literal value 18'b11111111111110000000000101111000 truncated to fit in 18 bits
WARN  (EX3792) : Literal value 18'b11111111111110000000010000101001 truncated to fit in 18 bits
WARN  (EX3792) : Literal value 18'b11111111111110000000001011100010 truncated to fit in 18 bits
WARN  (EX3792) : Literal value 18'b11111111111110000000100001101011 truncated to fit in 18 bits
WARN  (EX3792) : Literal value 18'b11111111111110000000010111100010 truncated to fit in 18 bits
WARN  (EX3792) : Literal value 18'b11111111111110000001000101001000 truncated to fit in 18 bits
WARN  (EX3792) : Literal value 18'b11111111111110000000110001000001 truncated to fit in 18 bits
WARN  (EX3792) : Literal value 18'b11111111111110000010010001100000 truncated to fit in 18 bits
WARN  (EX3792) : Literal value 18'b11111111111110000001101001111110 truncated to fit in 18 bits
WARN  (EX3792) : Literal value 18'b11111111111110000100111111110101 truncated to fit in 18 bits
WARN  (EX3792) : Literal value 18'b11111111111110000011110011011011 truncated to fit in 18 bits
WARN  (EX3792) : Literal value 18'b11111111111110001011101101110001 truncated to fit in 18 bits
WARN  (EX3792) : Literal value 18'b11111111111110001001100000010100 truncated to fit in 18 bits
WARN  (EX3792) : Literal value 18'b11111111111110011101100010100111 truncated to fit in 18 bits
WARN  (EX3792) : Literal value 18'b11111111111110011001111011000011 truncated to fit in 18 bits
WARN  (EX3792) : Literal value 18'b11111111111111001100101010111001 truncated to fit in 18 bits
WARN  (EX3792) : Literal value 18'b11111111111111001001000100100001 truncated to fit in 18 bits
WARN  (EX3791) : Expression size ** truncated to fit in target size **("D:\Gowin\Gowin_V1.9.9_x64\IDE\ipcore\EQUALIZER\data\Equalizer.v":0)
Compiling module '**'("D:\Gowin\Gowin_V1.9.9_x64\IDE\ipcore\EQUALIZER\data\Equalizer.v":0)
Extracting RAM for identifier '**'("D:\Gowin\Gowin_V1.9.9_x64\IDE\ipcore\EQUALIZER\data\Equalizer.v":0)
WARN  (EX3792) : Literal value 18'b1000000000000000000 truncated to fit in 18 bits
WARN  (EX2526) : Entry size ** at **:** does not match memory width **("D:\Gowin\Gowin_V1.9.9_x64\IDE\ipcore\EQUALIZER\data\Equalizer.v":0)
WARN  (EX3792) : Literal value 18'b1000000000100011001 truncated to fit in 18 bits
WARN  (EX3792) : Literal value 18'b11111111111110000000001000011001 truncated to fit in 18 bits
WARN  (EX3792) : Literal value 18'b1000000001001010111 truncated to fit in 18 bits
WARN  (EX3792) : Literal value 18'b11111111111110000000000101111000 truncated to fit in 18 bits
WARN  (EX3792) : Literal value 18'b1000000000000000000 truncated to fit in 18 bits
WARN  (EX3792) : Literal value 18'b1000000001001001000 truncated to fit in 18 bits
WARN  (EX3792) : Literal value 18'b11111111111110000000010000101001 truncated to fit in 18 bits
WARN  (EX3792) : Literal value 18'b1000000010011100011 truncated to fit in 18 bits
WARN  (EX3792) : Literal value 18'b11111111111110000000001011100010 truncated to fit in 18 bits
WARN  (EX3792) : Literal value 18'b1000000000000000000 truncated to fit in 18 bits
WARN  (EX3792) : Literal value 18'b1000000010010001011 truncated to fit in 18 bits
WARN  (EX3792) : Literal value 18'b11111111111110000000100001101011 truncated to fit in 18 bits
WARN  (EX3792) : Literal value 18'b1000000100110111110 truncated to fit in 18 bits
WARN  (EX3792) : Literal value 18'b11111111111110000000010111100010 truncated to fit in 18 bits
WARN  (EX3792) : Literal value 18'b1000000000000000000 truncated to fit in 18 bits
WARN  (EX3792) : Literal value 18'b1000000100100000111 truncated to fit in 18 bits
WARN  (EX3792) : Literal value 18'b11111111111110000001000101001000 truncated to fit in 18 bits
WARN  (EX3792) : Literal value 18'b1000001001101100010 truncated to fit in 18 bits
WARN  (EX3792) : Literal value 18'b11111111111110000000110001000001 truncated to fit in 18 bits
WARN  (EX3792) : Literal value 18'b1000000000000000000 truncated to fit in 18 bits
WARN  (EX3792) : Literal value 18'b1000001000111100000 truncated to fit in 18 bits
WARN  (EX3792) : Literal value 18'b11111111111110000010010001100000 truncated to fit in 18 bits
WARN  (EX3792) : Literal value 18'b1000010011001111001 truncated to fit in 18 bits
WARN  (EX3792) : Literal value 18'b11111111111110000001101001111110 truncated to fit in 18 bits
WARN  (EX3792) : Literal value 18'b1000000000000000000 truncated to fit in 18 bits
WARN  (EX3792) : Literal value 18'b1000010001100100100 truncated to fit in 18 bits
WARN  (EX3792) : Literal value 18'b11111111111110000100111111110101 truncated to fit in 18 bits
WARN  (EX3792) : Literal value 18'b1000100110000000010 truncated to fit in 18 bits
WARN  (EX3792) : Literal value 18'b11111111111110000011110011011011 truncated to fit in 18 bits
WARN  (EX3792) : Literal value 18'b1000000000000000000 truncated to fit in 18 bits
WARN  (EX3792) : Literal value 18'b1000100010000111010 truncated to fit in 18 bits
WARN  (EX3792) : Literal value 18'b11111111111110001011101101110001 truncated to fit in 18 bits
WARN  (EX3792) : Literal value 18'b1001001010011110010 truncated to fit in 18 bits
WARN  (EX3792) : Literal value 18'b11111111111110001001100000010100 truncated to fit in 18 bits
WARN  (EX3792) : Literal value 18'b1000000000000000000 truncated to fit in 18 bits
WARN  (EX3792) : Literal value 18'b1001000000111100011 truncated to fit in 18 bits
WARN  (EX3792) : Literal value 18'b11111111111110011101100010100111 truncated to fit in 18 bits
WARN  (EX3792) : Literal value 18'b1010010000010011010 truncated to fit in 18 bits
WARN  (EX3792) : Literal value 18'b11111111111110011001111011000011 truncated to fit in 18 bits
WARN  (EX3792) : Literal value 18'b1000000000000000000 truncated to fit in 18 bits
WARN  (EX3792) : Literal value 18'b1001111000011100101 truncated to fit in 18 bits
WARN  (EX3792) : Literal value 18'b11111111111111001100101010111001 truncated to fit in 18 bits
WARN  (EX3792) : Literal value 18'b1100010100011100000 truncated to fit in 18 bits
WARN  (EX3792) : Literal value 18'b11111111111111001001000100100001 truncated to fit in 18 bits
WARN  (EX3792) : Literal value 18'b1000000000000000000 truncated to fit in 18 bits
WARN  (EX3792) : Literal value 18'b1011010001010001100 truncated to fit in 18 bits
WARN  (EX3792) : Literal value 18'b11111111111111110100101001111100 truncated to fit in 18 bits
WARN  (EX3792) : Literal value 18'b1111111001010100100 truncated to fit in 18 bits
WARN  (EX3792) : Literal value 18'b11111111111111011010000100011110 truncated to fit in 18 bits
WARN  (EX3791) : Expression size ** truncated to fit in target size **("D:\Gowin\Gowin_V1.9.9_x64\IDE\ipcore\EQUALIZER\data\Equalizer.v":0)
NOTE  (EX0101) : Current top module is "Equalizer_Top"
[5%] Running netlist conversion ...
Running device independent optimization ...
[10%] Optimizing Phase 0 completed
[15%] Optimizing Phase 1 completed
[25%] Optimizing Phase 2 completed
Running inference ...
[30%] Inferring Phase 0 completed
[40%] Inferring Phase 1 completed
[50%] Inferring Phase 2 completed
[55%] Inferring Phase 3 completed
Running technical mapping ...
[60%] Tech-Mapping Phase 0 completed
[65%] Tech-Mapping Phase 1 completed
[75%] Tech-Mapping Phase 2 completed
[80%] Tech-Mapping Phase 3 completed
[90%] Tech-Mapping Phase 4 completed
WARN  (NL0002) : The module "(delay)/(Equalizer_Top)(DATA_WIDTH=1)" instantiated to "delay_gainwe" is swept in optimizing("D:\Gowin\Gowin_V1.9.9_x64\IDE\ipcore\EQUALIZER\data\Equalizer.v":0)
[95%] Generate netlist file "C:\Users\Korea\Desktop\RT_AudioPS 3\src\equalizer\temp\equalizer\equalizer.vg" completed
Generate template file "C:\Users\Korea\Desktop\RT_AudioPS 3\src\equalizer\temp\equalizer\equalizer_tmp.v" completed
[100%] Generate report file "C:\Users\Korea\Desktop\RT_AudioPS 3\src\equalizer\temp\equalizer\equalizer_syn.rpt.html" completed
GowinSynthesis finish
