Reading netlist file: "C:\Users\Korea\Desktop\RT_AudioPS\impl\gwsynthesis\audio_loopback.vg"
Parsing netlist file "C:\Users\Korea\Desktop\RT_AudioPS\impl\gwsynthesis\audio_loopback.vg" completed
Processing netlist completed
Reading constraint file: "C:\Users\Korea\Desktop\RT_AudioPS\src\audio_loopback.cst"
Physical Constraint parsed completed
Running placement......
[10%] Placement Phase 0 completed
[20%] Placement Phase 1 completed
[30%] Placement Phase 2 completed
[50%] Placement Phase 3 completed
Running routing......
[60%] Routing Phase 0 completed
[70%] Routing Phase 1 completed
[80%] Routing Phase 2 completed
WARN  (PR1014) : Generic routing resource will be used to clock signal 'PCM5102_DACLRC_d' by the specified constraint. And then it may lead to the excessive delay or skew
[90%] Routing Phase 3 completed
Running timing analysis......
[95%] Timing analysis completed
Placement and routing completed
Bitstream generation in progress......
Bitstream generation completed
Generate file "C:\Users\Korea\Desktop\RT_AudioPS\impl\pnr\audio_loopback.pin.html" completed
Generate file "C:\Users\Korea\Desktop\RT_AudioPS\impl\pnr\audio_loopback.rpt.html" completed
Generate file "C:\Users\Korea\Desktop\RT_AudioPS\impl\pnr\audio_loopback.rpt.txt" completed
Generate file "C:\Users\Korea\Desktop\RT_AudioPS\impl\pnr\audio_loopback.tr.html" completed
Tue Oct 29 17:47:19 2024

