Reading netlist file: "C:\Users\Korea\Documents\RT_AudioPS 31\impl\gwsynthesis\RT_AudioPS.vg"
Parsing netlist file "C:\Users\Korea\Documents\RT_AudioPS 31\impl\gwsynthesis\RT_AudioPS.vg" completed
Processing netlist completed
Reading constraint file: "C:\Users\Korea\Documents\RT_AudioPS 31\src\audio_loopback.cst"
Physical Constraint parsed completed
Running placement......
[10%] Placement Phase 0 completed
[20%] Placement Phase 1 completed
[30%] Placement Phase 2 completed
[50%] Placement Phase 3 completed
Running routing......
[60%] Routing Phase 0 completed
[70%] Routing Phase 1 completed
[80%] Routing Phase 2 completed
[90%] Routing Phase 3 completed
Running timing analysis......
[95%] Timing analysis completed
Placement and routing completed
Bitstream generation in progress......
Bitstream generation completed
Generate file "C:\Users\Korea\Documents\RT_AudioPS 31\impl\pnr\RT_AudioPS.pin.html" completed
Generate file "C:\Users\Korea\Documents\RT_AudioPS 31\impl\pnr\RT_AudioPS.rpt.html" completed
Generate file "C:\Users\Korea\Documents\RT_AudioPS 31\impl\pnr\RT_AudioPS.rpt.txt" completed
Generate file "C:\Users\Korea\Documents\RT_AudioPS 31\impl\pnr\RT_AudioPS.tr.html" completed
Tue Nov 12 12:56:30 2024

