GowinSynthesis start
Running parser ...
Analyzing Verilog file 'C:\Users\Korea\Documents\RT_AudioPS 31\src\WM8960_Init\I2C_Init_Dev.v'
Analyzing Verilog file 'C:\Users\Korea\Documents\RT_AudioPS 31\src\WM8960_Init\WM8960_Init.v'
Analyzing Verilog file 'C:\Users\Korea\Documents\RT_AudioPS 31\src\WM8960_Init\i2c_bit_shift.v'
Analyzing Verilog file 'C:\Users\Korea\Documents\RT_AudioPS 31\src\WM8960_Init\i2c_control.v'
Analyzing Verilog file 'C:\Users\Korea\Documents\RT_AudioPS 31\src\WM8960_Init\wm8960_init_table.v'
Analyzing Verilog file 'C:\Users\Korea\Documents\RT_AudioPS 31\src\cmd_ctrl\cmd_ctrl.v'
Analyzing Verilog file 'C:\Users\Korea\Documents\RT_AudioPS 31\src\csdn\csdn.v'
Analyzing Verilog file 'C:\Users\Korea\Documents\RT_AudioPS 31\src\distortion\distortion.v'
Analyzing Verilog file 'C:\Users\Korea\Documents\RT_AudioPS 31\src\echo\echo.v'
Analyzing Verilog file 'C:\Users\Korea\Documents\RT_AudioPS 31\src\echo\echo_top.v'
Undeclared symbol 'echo_Done_left', assumed default net type 'wire'("C:\Users\Korea\Documents\RT_AudioPS 31\src\echo\echo_top.v":40)
Undeclared symbol 'echo_Done_right', assumed default net type 'wire'("C:\Users\Korea\Documents\RT_AudioPS 31\src\echo\echo_top.v":55)
Analyzing Verilog file 'C:\Users\Korea\Documents\RT_AudioPS 31\src\eqa\eqa.v'
Analyzing Verilog file 'C:\Users\Korea\Documents\RT_AudioPS 31\src\eqa\eqa_top.v'
Undeclared symbol 'eqa_Done_left', assumed default net type 'wire'("C:\Users\Korea\Documents\RT_AudioPS 31\src\eqa\eqa_top.v":71)
Undeclared symbol 'eqa_Done_right', assumed default net type 'wire'("C:\Users\Korea\Documents\RT_AudioPS 31\src\eqa\eqa_top.v":109)
Analyzing Verilog file 'C:\Users\Korea\Documents\RT_AudioPS 31\src\fifo\async_fifo.v'
Analyzing Verilog file 'C:\Users\Korea\Documents\RT_AudioPS 31\src\fifo\async_fifo_ctrl.v'
Analyzing Verilog file 'C:\Users\Korea\Documents\RT_AudioPS 31\src\fifo\dpram.v'
Analyzing Verilog file 'C:\Users\Korea\Documents\RT_AudioPS 31\src\fifo_sc_top\fifo_sc_top.v'
Analyzing Verilog file 'C:\Users\Korea\Documents\RT_AudioPS 31\src\fifo_sc_top_v2\fifo_sc_top_v2.v'
Analyzing Verilog file 'C:\Users\Korea\Documents\RT_AudioPS 31\src\fifo_top\fifo_top.v'
Analyzing Verilog file 'C:\Users\Korea\Documents\RT_AudioPS 31\src\gowin_clkdiv_4\gowin_clkdiv_4.v'
Analyzing Verilog file 'C:\Users\Korea\Documents\RT_AudioPS 31\src\gowin_clkdiv_8\gowin_clkdiv_8.v'
Analyzing Verilog file 'C:\Users\Korea\Documents\RT_AudioPS 31\src\gowin_pll\gowin_pll.v'
Analyzing Verilog file 'C:\Users\Korea\Documents\RT_AudioPS 31\src\gowin_ram16sdp\gowin_ram16sdp.v'
Analyzing Verilog file 'C:\Users\Korea\Documents\RT_AudioPS 31\src\i2s\i2s_rx.v'
Undeclared symbol 'adcfifo_full', assumed default net type 'wire'("C:\Users\Korea\Documents\RT_AudioPS 31\src\i2s\i2s_rx.v":129)
WARN  (EX3801) : Parameter 'state_idle' becomes localparam in 'i2s_rx' with formal parameter declaration list("C:\Users\Korea\Documents\RT_AudioPS 31\src\i2s\i2s_rx.v":16)
WARN  (EX3801) : Parameter 'state_left_data' becomes localparam in 'i2s_rx' with formal parameter declaration list("C:\Users\Korea\Documents\RT_AudioPS 31\src\i2s\i2s_rx.v":17)
WARN  (EX3801) : Parameter 'state_right_data' becomes localparam in 'i2s_rx' with formal parameter declaration list("C:\Users\Korea\Documents\RT_AudioPS 31\src\i2s\i2s_rx.v":18)
WARN  (EX3801) : Parameter 'state_fifo_write' becomes localparam in 'i2s_rx' with formal parameter declaration list("C:\Users\Korea\Documents\RT_AudioPS 31\src\i2s\i2s_rx.v":19)
Analyzing Verilog file 'C:\Users\Korea\Documents\RT_AudioPS 31\src\i2s\i2s_tx.v'
WARN  (EX3801) : Parameter 'state_idle' becomes localparam in 'i2s_tx' with formal parameter declaration list("C:\Users\Korea\Documents\RT_AudioPS 31\src\i2s\i2s_tx.v":17)
WARN  (EX3801) : Parameter 'state_tx_left_data' becomes localparam in 'i2s_tx' with formal parameter declaration list("C:\Users\Korea\Documents\RT_AudioPS 31\src\i2s\i2s_tx.v":18)
WARN  (EX3801) : Parameter 'state_tx_right_data' becomes localparam in 'i2s_tx' with formal parameter declaration list("C:\Users\Korea\Documents\RT_AudioPS 31\src\i2s\i2s_tx.v":19)
Analyzing Verilog file 'C:\Users\Korea\Documents\RT_AudioPS 31\src\iir\iir.v'
WARN  (EX3628) : Redeclaration of ANSI port 'upsamp' is not allowed("C:\Users\Korea\Documents\RT_AudioPS 31\src\iir\iir.v":80)
WARN  (EX3628) : Redeclaration of ANSI port 'downsamp' is not allowed("C:\Users\Korea\Documents\RT_AudioPS 31\src\iir\iir.v":84)
Analyzing Verilog file 'C:\Users\Korea\Documents\RT_AudioPS 31\src\iir_filter\iir_filter.v'
Analyzing Verilog file 'C:\Users\Korea\Documents\RT_AudioPS 31\src\iir_filter_eqa1\iir_filter_eqa1.v'
Analyzing Verilog file 'C:\Users\Korea\Documents\RT_AudioPS 31\src\iir_filter_eqa2\iir_filter_eqa2.v'
Analyzing Verilog file 'C:\Users\Korea\Documents\RT_AudioPS 31\src\iir_filter_eqa3\iir_filter_eqa3.v'
Analyzing Verilog file 'C:\Users\Korea\Documents\RT_AudioPS 31\src\iir_filter_eqa4\iir_filter_eqa4.v'
Analyzing Verilog file 'C:\Users\Korea\Documents\RT_AudioPS 31\src\iir_filter_eqa5\iir_filter_eqa5.v'
Analyzing Verilog file 'C:\Users\Korea\Documents\RT_AudioPS 31\src\iir_filter_reverb\iir_filter_reverb.v'
Analyzing Verilog file 'C:\Users\Korea\Documents\RT_AudioPS 31\src\key_filter\key_filter.v'
Analyzing Verilog file 'C:\Users\Korea\Documents\RT_AudioPS 31\src\micb\micb.v'
Analyzing Verilog file 'C:\Users\Korea\Documents\RT_AudioPS 31\src\reverb\reverb.v'
Analyzing Verilog file 'C:\Users\Korea\Documents\RT_AudioPS 31\src\reverb\reverb_top.v'
Undeclared symbol 'Reverb_Done_left', assumed default net type 'wire'("C:\Users\Korea\Documents\RT_AudioPS 31\src\reverb\reverb_top.v":46)
Undeclared symbol 'Reverb_Done_right', assumed default net type 'wire'("C:\Users\Korea\Documents\RT_AudioPS 31\src\reverb\reverb_top.v":63)
Analyzing Verilog file 'C:\Users\Korea\Documents\RT_AudioPS 31\src\top\RT_AudioPS.v'
Undeclared symbol 'vol_Go', assumed default net type 'wire'("C:\Users\Korea\Documents\RT_AudioPS 31\src\top\RT_AudioPS.v":109)
Undeclared symbol 'volume_8', assumed default net type 'wire'("C:\Users\Korea\Documents\RT_AudioPS 31\src\top\RT_AudioPS.v":110)
Undeclared symbol 'MICB_Power', assumed default net type 'wire'("C:\Users\Korea\Documents\RT_AudioPS 31\src\top\RT_AudioPS.v":115)
Undeclared symbol 'MICB_Go', assumed default net type 'wire'("C:\Users\Korea\Documents\RT_AudioPS 31\src\top\RT_AudioPS.v":116)
WARN  (EX3638) : 'vol_Go' is already implicitly declared on line 109("C:\Users\Korea\Documents\RT_AudioPS 31\src\top\RT_AudioPS.v":527)
WARN  (EX3638) : 'volume_8' is already implicitly declared on line 110("C:\Users\Korea\Documents\RT_AudioPS 31\src\top\RT_AudioPS.v":528)
WARN  (EX3628) : Redeclaration of ANSI port 'led_up' is not allowed("C:\Users\Korea\Documents\RT_AudioPS 31\src\top\RT_AudioPS.v":529)
WARN  (EX3628) : Redeclaration of ANSI port 'led_down' is not allowed("C:\Users\Korea\Documents\RT_AudioPS 31\src\top\RT_AudioPS.v":530)
WARN  (EX3638) : 'MICB_Go' is already implicitly declared on line 116("C:\Users\Korea\Documents\RT_AudioPS 31\src\top\RT_AudioPS.v":550)
WARN  (EX3638) : 'MICB_Power' is already implicitly declared on line 115("C:\Users\Korea\Documents\RT_AudioPS 31\src\top\RT_AudioPS.v":551)
WARN  (EX3628) : Redeclaration of ANSI port 'MICB_led_up' is not allowed("C:\Users\Korea\Documents\RT_AudioPS 31\src\top\RT_AudioPS.v":552)
Undeclared symbol 'coeff_A_1', assumed default net type 'wire'("C:\Users\Korea\Documents\RT_AudioPS 31\src\top\RT_AudioPS.v":645)
Undeclared symbol 'coeff_B_1', assumed default net type 'wire'("C:\Users\Korea\Documents\RT_AudioPS 31\src\top\RT_AudioPS.v":646)
Undeclared symbol 'coeff_we_1', assumed default net type 'wire'("C:\Users\Korea\Documents\RT_AudioPS 31\src\top\RT_AudioPS.v":647)
Undeclared symbol 'coeff_set_1', assumed default net type 'wire'("C:\Users\Korea\Documents\RT_AudioPS 31\src\top\RT_AudioPS.v":648)
Undeclared symbol 'coeff_A_2', assumed default net type 'wire'("C:\Users\Korea\Documents\RT_AudioPS 31\src\top\RT_AudioPS.v":650)
Undeclared symbol 'coeff_B_2', assumed default net type 'wire'("C:\Users\Korea\Documents\RT_AudioPS 31\src\top\RT_AudioPS.v":651)
Undeclared symbol 'coeff_we_2', assumed default net type 'wire'("C:\Users\Korea\Documents\RT_AudioPS 31\src\top\RT_AudioPS.v":652)
Undeclared symbol 'coeff_set_2', assumed default net type 'wire'("C:\Users\Korea\Documents\RT_AudioPS 31\src\top\RT_AudioPS.v":653)
Undeclared symbol 'coeff_A_3', assumed default net type 'wire'("C:\Users\Korea\Documents\RT_AudioPS 31\src\top\RT_AudioPS.v":655)
Undeclared symbol 'coeff_B_3', assumed default net type 'wire'("C:\Users\Korea\Documents\RT_AudioPS 31\src\top\RT_AudioPS.v":656)
Undeclared symbol 'coeff_we_3', assumed default net type 'wire'("C:\Users\Korea\Documents\RT_AudioPS 31\src\top\RT_AudioPS.v":657)
Undeclared symbol 'coeff_set_3', assumed default net type 'wire'("C:\Users\Korea\Documents\RT_AudioPS 31\src\top\RT_AudioPS.v":658)
Undeclared symbol 'coeff_A_4', assumed default net type 'wire'("C:\Users\Korea\Documents\RT_AudioPS 31\src\top\RT_AudioPS.v":660)
Undeclared symbol 'coeff_B_4', assumed default net type 'wire'("C:\Users\Korea\Documents\RT_AudioPS 31\src\top\RT_AudioPS.v":661)
Undeclared symbol 'coeff_we_4', assumed default net type 'wire'("C:\Users\Korea\Documents\RT_AudioPS 31\src\top\RT_AudioPS.v":662)
Undeclared symbol 'coeff_set_4', assumed default net type 'wire'("C:\Users\Korea\Documents\RT_AudioPS 31\src\top\RT_AudioPS.v":663)
Undeclared symbol 'coeff_A_5', assumed default net type 'wire'("C:\Users\Korea\Documents\RT_AudioPS 31\src\top\RT_AudioPS.v":665)
Undeclared symbol 'coeff_B_5', assumed default net type 'wire'("C:\Users\Korea\Documents\RT_AudioPS 31\src\top\RT_AudioPS.v":666)
Undeclared symbol 'coeff_we_5', assumed default net type 'wire'("C:\Users\Korea\Documents\RT_AudioPS 31\src\top\RT_AudioPS.v":667)
Undeclared symbol 'coeff_set_5', assumed default net type 'wire'("C:\Users\Korea\Documents\RT_AudioPS 31\src\top\RT_AudioPS.v":668)
WARN  (EX3638) : 'coeff_we_1' is already implicitly declared on line 647("C:\Users\Korea\Documents\RT_AudioPS 31\src\top\RT_AudioPS.v":696)
WARN  (EX3638) : 'coeff_set_1' is already implicitly declared on line 648("C:\Users\Korea\Documents\RT_AudioPS 31\src\top\RT_AudioPS.v":696)
WARN  (EX3638) : 'coeff_we_2' is already implicitly declared on line 652("C:\Users\Korea\Documents\RT_AudioPS 31\src\top\RT_AudioPS.v":697)
WARN  (EX3638) : 'coeff_set_2' is already implicitly declared on line 653("C:\Users\Korea\Documents\RT_AudioPS 31\src\top\RT_AudioPS.v":697)
WARN  (EX3638) : 'coeff_we_3' is already implicitly declared on line 657("C:\Users\Korea\Documents\RT_AudioPS 31\src\top\RT_AudioPS.v":699)
WARN  (EX3638) : 'coeff_set_3' is already implicitly declared on line 658("C:\Users\Korea\Documents\RT_AudioPS 31\src\top\RT_AudioPS.v":699)
WARN  (EX3638) : 'coeff_we_4' is already implicitly declared on line 662("C:\Users\Korea\Documents\RT_AudioPS 31\src\top\RT_AudioPS.v":700)
WARN  (EX3638) : 'coeff_set_4' is already implicitly declared on line 663("C:\Users\Korea\Documents\RT_AudioPS 31\src\top\RT_AudioPS.v":700)
WARN  (EX3638) : 'coeff_we_5' is already implicitly declared on line 667("C:\Users\Korea\Documents\RT_AudioPS 31\src\top\RT_AudioPS.v":702)
WARN  (EX3638) : 'coeff_set_5' is already implicitly declared on line 668("C:\Users\Korea\Documents\RT_AudioPS 31\src\top\RT_AudioPS.v":702)
WARN  (EX3638) : 'coeff_A_1' is already implicitly declared on line 645("C:\Users\Korea\Documents\RT_AudioPS 31\src\top\RT_AudioPS.v":704)
WARN  (EX3638) : 'coeff_B_1' is already implicitly declared on line 646("C:\Users\Korea\Documents\RT_AudioPS 31\src\top\RT_AudioPS.v":704)
WARN  (EX3638) : 'coeff_A_2' is already implicitly declared on line 650("C:\Users\Korea\Documents\RT_AudioPS 31\src\top\RT_AudioPS.v":705)
WARN  (EX3638) : 'coeff_B_2' is already implicitly declared on line 651("C:\Users\Korea\Documents\RT_AudioPS 31\src\top\RT_AudioPS.v":705)
WARN  (EX3638) : 'coeff_A_3' is already implicitly declared on line 655("C:\Users\Korea\Documents\RT_AudioPS 31\src\top\RT_AudioPS.v":707)
WARN  (EX3638) : 'coeff_B_3' is already implicitly declared on line 656("C:\Users\Korea\Documents\RT_AudioPS 31\src\top\RT_AudioPS.v":707)
WARN  (EX3638) : 'coeff_A_4' is already implicitly declared on line 660("C:\Users\Korea\Documents\RT_AudioPS 31\src\top\RT_AudioPS.v":708)
WARN  (EX3638) : 'coeff_B_4' is already implicitly declared on line 661("C:\Users\Korea\Documents\RT_AudioPS 31\src\top\RT_AudioPS.v":708)
WARN  (EX3638) : 'coeff_A_5' is already implicitly declared on line 665("C:\Users\Korea\Documents\RT_AudioPS 31\src\top\RT_AudioPS.v":710)
WARN  (EX3638) : 'coeff_B_5' is already implicitly declared on line 666("C:\Users\Korea\Documents\RT_AudioPS 31\src\top\RT_AudioPS.v":710)
Analyzing Verilog file 'C:\Users\Korea\Documents\RT_AudioPS 31\src\uart\uart_byte_rx.v'
Analyzing Verilog file 'C:\Users\Korea\Documents\RT_AudioPS 31\src\uart\uart_byte_tx.v'
Analyzing Verilog file 'C:\Users\Korea\Documents\RT_AudioPS 31\src\uart\uart_data_rx.v'
Analyzing Verilog file 'C:\Users\Korea\Documents\RT_AudioPS 31\src\uart\uart_data_tx.v'
Analyzing Verilog file 'C:\Users\Korea\Documents\RT_AudioPS 31\src\volume_control\volume_control.v'
Analyzing Verilog file 'D:\Gowin\Gowin_V1.9.9_x64\IDE\data\ipcores\GAO\GW_AO_0\gw_ao_crc32.v'
Analyzing Verilog file 'D:\Gowin\Gowin_V1.9.9_x64\IDE\data\ipcores\GAO\GW_AO_0\gw_ao_match.v'
Analyzing included file 'D:\Gowin\Gowin_V1.9.9_x64\IDE\data\ipcores\GAO\GW_AO_0\gw_ao_define.v'("D:\Gowin\Gowin_V1.9.9_x64\IDE\data\ipcores\GAO\GW_AO_0\gw_ao_match.v":327)
Back to file 'D:\Gowin\Gowin_V1.9.9_x64\IDE\data\ipcores\GAO\GW_AO_0\gw_ao_match.v'("D:\Gowin\Gowin_V1.9.9_x64\IDE\data\ipcores\GAO\GW_AO_0\gw_ao_match.v":327)
Analyzing Verilog file 'D:\Gowin\Gowin_V1.9.9_x64\IDE\data\ipcores\GAO\GW_AO_0\gw_ao_mem_ctrl.v'
Analyzing included file 'C:\Users\Korea\Documents\RT_AudioPS 31\impl\gwsynthesis\RTL_GAO\ao_0\gw_ao_top_define.v'("D:\Gowin\Gowin_V1.9.9_x64\IDE\data\ipcores\GAO\GW_AO_0\gw_ao_mem_ctrl.v":150)
Back to file 'D:\Gowin\Gowin_V1.9.9_x64\IDE\data\ipcores\GAO\GW_AO_0\gw_ao_mem_ctrl.v'("D:\Gowin\Gowin_V1.9.9_x64\IDE\data\ipcores\GAO\GW_AO_0\gw_ao_mem_ctrl.v":150)
Analyzing Verilog file 'D:\Gowin\Gowin_V1.9.9_x64\IDE\data\ipcores\GAO\GW_AO_0\gw_ao_top.v'
Analyzing included file 'D:\Gowin\Gowin_V1.9.9_x64\IDE\data\ipcores\GAO\GW_AO_0\gw_ao_define.v'("D:\Gowin\Gowin_V1.9.9_x64\IDE\data\ipcores\GAO\GW_AO_0\gw_ao_top.v":2738)
Back to file 'D:\Gowin\Gowin_V1.9.9_x64\IDE\data\ipcores\GAO\GW_AO_0\gw_ao_top.v'("D:\Gowin\Gowin_V1.9.9_x64\IDE\data\ipcores\GAO\GW_AO_0\gw_ao_top.v":2738)
Analyzing included file 'C:\Users\Korea\Documents\RT_AudioPS 31\impl\gwsynthesis\RTL_GAO\ao_0\gw_ao_top_define.v'("D:\Gowin\Gowin_V1.9.9_x64\IDE\data\ipcores\GAO\GW_AO_0\gw_ao_top.v":2738)
Back to file 'D:\Gowin\Gowin_V1.9.9_x64\IDE\data\ipcores\GAO\GW_AO_0\gw_ao_top.v'("D:\Gowin\Gowin_V1.9.9_x64\IDE\data\ipcores\GAO\GW_AO_0\gw_ao_top.v":2738)
Analyzing included file 'C:\Users\Korea\Documents\RT_AudioPS 31\impl\gwsynthesis\RTL_GAO\ao_0\gw_ao_expression.v'("D:\Gowin\Gowin_V1.9.9_x64\IDE\data\ipcores\GAO\GW_AO_0\gw_ao_top.v":2738)
Back to file 'D:\Gowin\Gowin_V1.9.9_x64\IDE\data\ipcores\GAO\GW_AO_0\gw_ao_top.v'("D:\Gowin\Gowin_V1.9.9_x64\IDE\data\ipcores\GAO\GW_AO_0\gw_ao_top.v":2738)
Analyzing included file 'C:\Users\Korea\Documents\RT_AudioPS 31\impl\gwsynthesis\RTL_GAO\ao_0\gw_ao_parameter.v'("D:\Gowin\Gowin_V1.9.9_x64\IDE\data\ipcores\GAO\GW_AO_0\gw_ao_top.v":2738)
Back to file 'D:\Gowin\Gowin_V1.9.9_x64\IDE\data\ipcores\GAO\GW_AO_0\gw_ao_top.v'("D:\Gowin\Gowin_V1.9.9_x64\IDE\data\ipcores\GAO\GW_AO_0\gw_ao_top.v":2738)
Analyzing Verilog file 'D:\Gowin\Gowin_V1.9.9_x64\IDE\data\ipcores\GAO\GW_CON\gw_con_top.v'
Analyzing included file 'C:\Users\Korea\Documents\RT_AudioPS 31\impl\gwsynthesis\RTL_GAO\ao_control\gw_con_top_define.v'("D:\Gowin\Gowin_V1.9.9_x64\IDE\data\ipcores\GAO\GW_CON\gw_con_top.v":377)
Back to file 'D:\Gowin\Gowin_V1.9.9_x64\IDE\data\ipcores\GAO\GW_CON\gw_con_top.v'("D:\Gowin\Gowin_V1.9.9_x64\IDE\data\ipcores\GAO\GW_CON\gw_con_top.v":377)
Analyzing included file 'C:\Users\Korea\Documents\RT_AudioPS 31\impl\gwsynthesis\RTL_GAO\ao_control\gw_con_parameter.v'("D:\Gowin\Gowin_V1.9.9_x64\IDE\data\ipcores\GAO\GW_CON\gw_con_top.v":377)
Back to file 'D:\Gowin\Gowin_V1.9.9_x64\IDE\data\ipcores\GAO\GW_CON\gw_con_top.v'("D:\Gowin\Gowin_V1.9.9_x64\IDE\data\ipcores\GAO\GW_CON\gw_con_top.v":377)
Analyzing Verilog file 'D:\Gowin\Gowin_V1.9.9_x64\IDE\data\ipcores\gw_jtag.v'
Analyzing Verilog file 'C:\Users\Korea\Documents\RT_AudioPS 31\impl\gwsynthesis\RTL_GAO\gw_gao_top.v'
Compiling module 'RT_AudioPS'("C:\Users\Korea\Documents\RT_AudioPS 31\src\top\RT_AudioPS.v":1)
Compiling module 'Gowin_PLL'("C:\Users\Korea\Documents\RT_AudioPS 31\src\gowin_pll\gowin_pll.v":10)
Compiling module 'Gowin_CLKDIV_4'("C:\Users\Korea\Documents\RT_AudioPS 31\src\gowin_clkdiv_4\gowin_clkdiv_4.v":10)
Compiling module 'Gowin_CLKDIV_8'("C:\Users\Korea\Documents\RT_AudioPS 31\src\gowin_clkdiv_8\gowin_clkdiv_8.v":10)
WARN  (EX3670) : Actual bit length 4 differs from formal bit length 1 for port 'calib'("C:\Users\Korea\Documents\RT_AudioPS 31\src\top\RT_AudioPS.v":69)
Compiling module 'WM8960_Init'("C:\Users\Korea\Documents\RT_AudioPS 31\src\WM8960_Init\WM8960_Init.v":17)
Compiling module 'I2C_Init_Dev'("C:\Users\Korea\Documents\RT_AudioPS 31\src\WM8960_Init\I2C_Init_Dev.v":16)
Compiling module 'wm8960_init_table'("C:\Users\Korea\Documents\RT_AudioPS 31\src\WM8960_Init\wm8960_init_table.v":16)
WARN  (EX1998) : Net 'rom[255][15]' does not have a driver("C:\Users\Korea\Documents\RT_AudioPS 31\src\WM8960_Init\wm8960_init_table.v":30)
Compiling module 'i2c_control'("C:\Users\Korea\Documents\RT_AudioPS 31\src\WM8960_Init\i2c_control.v":16)
Compiling module 'i2c_bit_shift'("C:\Users\Korea\Documents\RT_AudioPS 31\src\WM8960_Init\i2c_bit_shift.v":16)
WARN  (EX3670) : Actual bit length 32 differs from formal bit length 1 for port 'rdreg_req'("C:\Users\Korea\Documents\RT_AudioPS 31\src\WM8960_Init\I2C_Init_Dev.v":161)
WARN  (EX3670) : Actual bit length 32 differs from formal bit length 1 for port 'addr_mode'("C:\Users\Korea\Documents\RT_AudioPS 31\src\WM8960_Init\I2C_Init_Dev.v":163)
WARN  (EX3791) : Expression size 18 truncated to fit in target size 16("C:\Users\Korea\Documents\RT_AudioPS 31\src\top\RT_AudioPS.v":427)
Compiling module 'i2s_rx'("C:\Users\Korea\Documents\RT_AudioPS 31\src\i2s\i2s_rx.v":1)
Compiling module 'async_fifo(DATA_WIDTH=32,ADDR_WIDTH=8)'("C:\Users\Korea\Documents\RT_AudioPS 31\src\fifo\async_fifo.v":1)
Compiling module 'async_fifo_ctrl(DATA_WIDTH=32,ADDR_WIDTH=8)'("C:\Users\Korea\Documents\RT_AudioPS 31\src\fifo\async_fifo_ctrl.v":1)
Compiling module 'dpram(DATA_WIDTH=32,ADDR_WIDTH=8)'("C:\Users\Korea\Documents\RT_AudioPS 31\src\fifo\dpram.v":1)
Extracting RAM for identifier 'ram'("C:\Users\Korea\Documents\RT_AudioPS 31\src\fifo\dpram.v":23)
WARN  (EX3073) : Port 'rdusedw' remains unconnected for this instance("C:\Users\Korea\Documents\RT_AudioPS 31\src\i2s\i2s_tx.v":145)
Compiling module 'i2s_tx'("C:\Users\Korea\Documents\RT_AudioPS 31\src\i2s\i2s_tx.v":1)
Compiling module 'csdn(FIFO_WIDTH=32)'("C:\Users\Korea\Documents\RT_AudioPS 31\src\csdn\csdn.v":2)
WARN  (EX3791) : Expression size 8 truncated to fit in target size 7("C:\Users\Korea\Documents\RT_AudioPS 31\src\csdn\csdn.v":215)
WARN  (EX3791) : Expression size 8 truncated to fit in target size 7("C:\Users\Korea\Documents\RT_AudioPS 31\src\csdn\csdn.v":223)
WARN  (EX3670) : Actual bit length 8 differs from formal bit length 7 for port 'wrusedw'("C:\Users\Korea\Documents\RT_AudioPS 31\src\i2s\i2s_tx.v":138)
Compiling module 'volume_control'("C:\Users\Korea\Documents\RT_AudioPS 31\src\volume_control\volume_control.v":1)
WARN  (EX3791) : Expression size 5 truncated to fit in target size 4("C:\Users\Korea\Documents\RT_AudioPS 31\src\volume_control\volume_control.v":85)
WARN  (EX3791) : Expression size 32 truncated to fit in target size 4("C:\Users\Korea\Documents\RT_AudioPS 31\src\volume_control\volume_control.v":91)
Compiling module 'key_filter'("C:\Users\Korea\Documents\RT_AudioPS 31\src\key_filter\key_filter.v":21)
Compiling module 'micb'("C:\Users\Korea\Documents\RT_AudioPS 31\src\micb\micb.v":1)
Compiling module 'echo_top(SINGLE_DAC_WIDTH=16,DAC_DATA_WIDTH=32)'("C:\Users\Korea\Documents\RT_AudioPS 31\src\echo\echo_top.v":1)
Compiling module 'echo(SINGLE_DAC_WIDTH=16)'("C:\Users\Korea\Documents\RT_AudioPS 31\src\echo\echo.v":1)
Compiling module 'fifo_sc_top'("C:\Users\Korea\Documents\RT_AudioPS 31\src\fifo_sc_top\fifo_sc_top.v":493)
Compiling module '**'("C:\Users\Korea\Documents\RT_AudioPS 31\src\fifo_sc_top\fifo_sc_top.v":0)
WARN  (EX3791) : Expression size 32 truncated to fit in target size 13("C:\Users\Korea\Documents\RT_AudioPS 31\src\echo\echo.v":58)
WARN  (EX3791) : Expression size 14 truncated to fit in target size 13("C:\Users\Korea\Documents\RT_AudioPS 31\src\echo\echo.v":65)
Compiling module 'reverb_top(SAMPLE_WIDTH=13,SINGLE_DAC_WIDTH=16,DAC_DATA_WIDTH=32)'("C:\Users\Korea\Documents\RT_AudioPS 31\src\reverb\reverb_top.v":1)
Compiling module 'reverb(SAMPLE_WIDTH=13)'("C:\Users\Korea\Documents\RT_AudioPS 31\src\reverb\reverb.v":1)
Compiling module 'fifo_sc_top_v2'("C:\Users\Korea\Documents\RT_AudioPS 31\src\fifo_sc_top_v2\fifo_sc_top_v2.v":321)
Compiling module '**'("C:\Users\Korea\Documents\RT_AudioPS 31\src\fifo_sc_top_v2\fifo_sc_top_v2.v":0)
WARN  (EX3791) : Expression size 32 truncated to fit in target size 13("C:\Users\Korea\Documents\RT_AudioPS 31\src\reverb\reverb.v":69)
WARN  (EX3791) : Expression size 14 truncated to fit in target size 13("C:\Users\Korea\Documents\RT_AudioPS 31\src\reverb\reverb.v":80)
WARN  (EX3791) : Expression size 14 truncated to fit in target size 13("C:\Users\Korea\Documents\RT_AudioPS 31\src\reverb\reverb.v":89)
Compiling module 'IIR_Filter__reverb'("C:\Users\Korea\Documents\RT_AudioPS 31\src\iir_filter_reverb\iir_filter_reverb.v":3056)
Compiling module '**'("C:\Users\Korea\Documents\RT_AudioPS 31\src\iir_filter_reverb\iir_filter_reverb.v":0)
Compiling module '**'("C:\Users\Korea\Documents\RT_AudioPS 31\src\iir_filter_reverb\iir_filter_reverb.v":0)
Compiling module '**'("C:\Users\Korea\Documents\RT_AudioPS 31\src\iir_filter_reverb\iir_filter_reverb.v":0)
Compiling module '**'("C:\Users\Korea\Documents\RT_AudioPS 31\src\iir_filter_reverb\iir_filter_reverb.v":0)
Compiling module '**'("C:\Users\Korea\Documents\RT_AudioPS 31\src\iir_filter_reverb\iir_filter_reverb.v":0)
Compiling module '**'("C:\Users\Korea\Documents\RT_AudioPS 31\src\iir_filter_reverb\iir_filter_reverb.v":0)
Compiling module '**'("C:\Users\Korea\Documents\RT_AudioPS 31\src\iir_filter_reverb\iir_filter_reverb.v":0)
Compiling module '**'("C:\Users\Korea\Documents\RT_AudioPS 31\src\iir_filter_reverb\iir_filter_reverb.v":0)
Compiling module '**'("C:\Users\Korea\Documents\RT_AudioPS 31\src\iir_filter_reverb\iir_filter_reverb.v":0)
Compiling module '**'("C:\Users\Korea\Documents\RT_AudioPS 31\src\iir_filter_reverb\iir_filter_reverb.v":0)
Compiling module '**'("C:\Users\Korea\Documents\RT_AudioPS 31\src\iir_filter_reverb\iir_filter_reverb.v":0)
Compiling module '**'("C:\Users\Korea\Documents\RT_AudioPS 31\src\iir_filter_reverb\iir_filter_reverb.v":0)
Compiling module '**'("C:\Users\Korea\Documents\RT_AudioPS 31\src\iir_filter_reverb\iir_filter_reverb.v":0)
Compiling module '**'("C:\Users\Korea\Documents\RT_AudioPS 31\src\iir_filter_reverb\iir_filter_reverb.v":0)
Compiling module '**'("C:\Users\Korea\Documents\RT_AudioPS 31\src\iir_filter_reverb\iir_filter_reverb.v":0)
Compiling module '**'("C:\Users\Korea\Documents\RT_AudioPS 31\src\iir_filter_reverb\iir_filter_reverb.v":0)
Compiling module '**'("C:\Users\Korea\Documents\RT_AudioPS 31\src\iir_filter_reverb\iir_filter_reverb.v":0)
Compiling module '**'("C:\Users\Korea\Documents\RT_AudioPS 31\src\iir_filter_reverb\iir_filter_reverb.v":0)
Compiling module '**'("C:\Users\Korea\Documents\RT_AudioPS 31\src\iir_filter_reverb\iir_filter_reverb.v":0)
Compiling module '**'("C:\Users\Korea\Documents\RT_AudioPS 31\src\iir_filter_reverb\iir_filter_reverb.v":0)
Compiling module '**'("C:\Users\Korea\Documents\RT_AudioPS 31\src\iir_filter_reverb\iir_filter_reverb.v":0)
Compiling module '**'("C:\Users\Korea\Documents\RT_AudioPS 31\src\iir_filter_reverb\iir_filter_reverb.v":0)
Compiling module '**'("C:\Users\Korea\Documents\RT_AudioPS 31\src\iir_filter_reverb\iir_filter_reverb.v":0)
Compiling module '**'("C:\Users\Korea\Documents\RT_AudioPS 31\src\iir_filter_reverb\iir_filter_reverb.v":0)
Compiling module '**'("C:\Users\Korea\Documents\RT_AudioPS 31\src\iir_filter_reverb\iir_filter_reverb.v":0)
WARN  (EX3670) : Actual bit length 18 differs from formal bit length 32 for port 'coeff_a'("C:\Users\Korea\Documents\RT_AudioPS 31\src\reverb\reverb.v":150)
WARN  (EX3670) : Actual bit length 18 differs from formal bit length 32 for port 'coeff_b'("C:\Users\Korea\Documents\RT_AudioPS 31\src\reverb\reverb.v":151)
WARN  (EX3670) : Actual bit length 32 differs from formal bit length 5 for port 'feedback_gain'("C:\Users\Korea\Documents\RT_AudioPS 31\src\reverb\reverb_top.v":44)
WARN  (EX3670) : Actual bit length 32 differs from formal bit length 5 for port 'wet_dry_mix'("C:\Users\Korea\Documents\RT_AudioPS 31\src\reverb\reverb_top.v":45)
WARN  (EX3670) : Actual bit length 32 differs from formal bit length 5 for port 'feedback_gain'("C:\Users\Korea\Documents\RT_AudioPS 31\src\reverb\reverb_top.v":61)
WARN  (EX3670) : Actual bit length 32 differs from formal bit length 5 for port 'wet_dry_mix'("C:\Users\Korea\Documents\RT_AudioPS 31\src\reverb\reverb_top.v":62)
Compiling module 'eqa_top(SINGLE_DAC_WIDTH=16,DAC_DATA_WIDTH=32)'("C:\Users\Korea\Documents\RT_AudioPS 31\src\eqa\eqa_top.v":1)
Compiling module 'eqa'("C:\Users\Korea\Documents\RT_AudioPS 31\src\eqa\eqa.v":1)
Compiling module 'IIR_Filter_Top_eqa1'("C:\Users\Korea\Documents\RT_AudioPS 31\src\iir_filter_eqa1\iir_filter_eqa1.v":3070)
Compiling module '**'("C:\Users\Korea\Documents\RT_AudioPS 31\src\iir_filter_eqa1\iir_filter_eqa1.v":0)
Compiling module '**'("C:\Users\Korea\Documents\RT_AudioPS 31\src\iir_filter_eqa1\iir_filter_eqa1.v":0)
Compiling module '**'("C:\Users\Korea\Documents\RT_AudioPS 31\src\iir_filter_eqa1\iir_filter_eqa1.v":0)
Compiling module '**'("C:\Users\Korea\Documents\RT_AudioPS 31\src\iir_filter_eqa1\iir_filter_eqa1.v":0)
Compiling module '**'("C:\Users\Korea\Documents\RT_AudioPS 31\src\iir_filter_eqa1\iir_filter_eqa1.v":0)
Compiling module '**'("C:\Users\Korea\Documents\RT_AudioPS 31\src\iir_filter_eqa1\iir_filter_eqa1.v":0)
Compiling module '**'("C:\Users\Korea\Documents\RT_AudioPS 31\src\iir_filter_eqa1\iir_filter_eqa1.v":0)
Compiling module '**'("C:\Users\Korea\Documents\RT_AudioPS 31\src\iir_filter_eqa1\iir_filter_eqa1.v":0)
Compiling module '**'("C:\Users\Korea\Documents\RT_AudioPS 31\src\iir_filter_eqa1\iir_filter_eqa1.v":0)
Compiling module '**'("C:\Users\Korea\Documents\RT_AudioPS 31\src\iir_filter_eqa1\iir_filter_eqa1.v":0)
Compiling module '**'("C:\Users\Korea\Documents\RT_AudioPS 31\src\iir_filter_eqa1\iir_filter_eqa1.v":0)
Compiling module '**'("C:\Users\Korea\Documents\RT_AudioPS 31\src\iir_filter_eqa1\iir_filter_eqa1.v":0)
Compiling module '**'("C:\Users\Korea\Documents\RT_AudioPS 31\src\iir_filter_eqa1\iir_filter_eqa1.v":0)
Compiling module '**'("C:\Users\Korea\Documents\RT_AudioPS 31\src\iir_filter_eqa1\iir_filter_eqa1.v":0)
Compiling module '**'("C:\Users\Korea\Documents\RT_AudioPS 31\src\iir_filter_eqa1\iir_filter_eqa1.v":0)
Compiling module '**'("C:\Users\Korea\Documents\RT_AudioPS 31\src\iir_filter_eqa1\iir_filter_eqa1.v":0)
Compiling module '**'("C:\Users\Korea\Documents\RT_AudioPS 31\src\iir_filter_eqa1\iir_filter_eqa1.v":0)
Compiling module '**'("C:\Users\Korea\Documents\RT_AudioPS 31\src\iir_filter_eqa1\iir_filter_eqa1.v":0)
Compiling module '**'("C:\Users\Korea\Documents\RT_AudioPS 31\src\iir_filter_eqa1\iir_filter_eqa1.v":0)
Compiling module '**'("C:\Users\Korea\Documents\RT_AudioPS 31\src\iir_filter_eqa1\iir_filter_eqa1.v":0)
Compiling module '**'("C:\Users\Korea\Documents\RT_AudioPS 31\src\iir_filter_eqa1\iir_filter_eqa1.v":0)
Compiling module '**'("C:\Users\Korea\Documents\RT_AudioPS 31\src\iir_filter_eqa1\iir_filter_eqa1.v":0)
Compiling module '**'("C:\Users\Korea\Documents\RT_AudioPS 31\src\iir_filter_eqa1\iir_filter_eqa1.v":0)
Compiling module '**'("C:\Users\Korea\Documents\RT_AudioPS 31\src\iir_filter_eqa1\iir_filter_eqa1.v":0)
Compiling module '**'("C:\Users\Korea\Documents\RT_AudioPS 31\src\iir_filter_eqa1\iir_filter_eqa1.v":0)
WARN  (EX3670) : Actual bit length 18 differs from formal bit length 32 for port 'coeff_a'("C:\Users\Korea\Documents\RT_AudioPS 31\src\eqa\eqa.v":177)
WARN  (EX3670) : Actual bit length 18 differs from formal bit length 32 for port 'coeff_b'("C:\Users\Korea\Documents\RT_AudioPS 31\src\eqa\eqa.v":178)
Compiling module 'IIR_Filter_Top_eqa2'("C:\Users\Korea\Documents\RT_AudioPS 31\src\iir_filter_eqa2\iir_filter_eqa2.v":3070)
Compiling module '**'("C:\Users\Korea\Documents\RT_AudioPS 31\src\iir_filter_eqa2\iir_filter_eqa2.v":0)
Compiling module '**'("C:\Users\Korea\Documents\RT_AudioPS 31\src\iir_filter_eqa2\iir_filter_eqa2.v":0)
Compiling module '**'("C:\Users\Korea\Documents\RT_AudioPS 31\src\iir_filter_eqa2\iir_filter_eqa2.v":0)
Compiling module '**'("C:\Users\Korea\Documents\RT_AudioPS 31\src\iir_filter_eqa2\iir_filter_eqa2.v":0)
Compiling module '**'("C:\Users\Korea\Documents\RT_AudioPS 31\src\iir_filter_eqa2\iir_filter_eqa2.v":0)
Compiling module '**'("C:\Users\Korea\Documents\RT_AudioPS 31\src\iir_filter_eqa2\iir_filter_eqa2.v":0)
Compiling module '**'("C:\Users\Korea\Documents\RT_AudioPS 31\src\iir_filter_eqa2\iir_filter_eqa2.v":0)
Compiling module '**'("C:\Users\Korea\Documents\RT_AudioPS 31\src\iir_filter_eqa2\iir_filter_eqa2.v":0)
Compiling module '**'("C:\Users\Korea\Documents\RT_AudioPS 31\src\iir_filter_eqa2\iir_filter_eqa2.v":0)
Compiling module '**'("C:\Users\Korea\Documents\RT_AudioPS 31\src\iir_filter_eqa2\iir_filter_eqa2.v":0)
Compiling module '**'("C:\Users\Korea\Documents\RT_AudioPS 31\src\iir_filter_eqa2\iir_filter_eqa2.v":0)
Compiling module '**'("C:\Users\Korea\Documents\RT_AudioPS 31\src\iir_filter_eqa2\iir_filter_eqa2.v":0)
Compiling module '**'("C:\Users\Korea\Documents\RT_AudioPS 31\src\iir_filter_eqa2\iir_filter_eqa2.v":0)
Compiling module '**'("C:\Users\Korea\Documents\RT_AudioPS 31\src\iir_filter_eqa2\iir_filter_eqa2.v":0)
Compiling module '**'("C:\Users\Korea\Documents\RT_AudioPS 31\src\iir_filter_eqa2\iir_filter_eqa2.v":0)
Compiling module '**'("C:\Users\Korea\Documents\RT_AudioPS 31\src\iir_filter_eqa2\iir_filter_eqa2.v":0)
Compiling module '**'("C:\Users\Korea\Documents\RT_AudioPS 31\src\iir_filter_eqa2\iir_filter_eqa2.v":0)
Compiling module '**'("C:\Users\Korea\Documents\RT_AudioPS 31\src\iir_filter_eqa2\iir_filter_eqa2.v":0)
Compiling module '**'("C:\Users\Korea\Documents\RT_AudioPS 31\src\iir_filter_eqa2\iir_filter_eqa2.v":0)
Compiling module '**'("C:\Users\Korea\Documents\RT_AudioPS 31\src\iir_filter_eqa2\iir_filter_eqa2.v":0)
Compiling module '**'("C:\Users\Korea\Documents\RT_AudioPS 31\src\iir_filter_eqa2\iir_filter_eqa2.v":0)
Compiling module '**'("C:\Users\Korea\Documents\RT_AudioPS 31\src\iir_filter_eqa2\iir_filter_eqa2.v":0)
Compiling module '**'("C:\Users\Korea\Documents\RT_AudioPS 31\src\iir_filter_eqa2\iir_filter_eqa2.v":0)
Compiling module '**'("C:\Users\Korea\Documents\RT_AudioPS 31\src\iir_filter_eqa2\iir_filter_eqa2.v":0)
Compiling module '**'("C:\Users\Korea\Documents\RT_AudioPS 31\src\iir_filter_eqa2\iir_filter_eqa2.v":0)
WARN  (EX3670) : Actual bit length 18 differs from formal bit length 32 for port 'coeff_a'("C:\Users\Korea\Documents\RT_AudioPS 31\src\eqa\eqa.v":192)
WARN  (EX3670) : Actual bit length 18 differs from formal bit length 32 for port 'coeff_b'("C:\Users\Korea\Documents\RT_AudioPS 31\src\eqa\eqa.v":193)
Compiling module 'IIR_Filter_Top_eqa3'("C:\Users\Korea\Documents\RT_AudioPS 31\src\iir_filter_eqa3\iir_filter_eqa3.v":3070)
Compiling module '**'("C:\Users\Korea\Documents\RT_AudioPS 31\src\iir_filter_eqa3\iir_filter_eqa3.v":0)
Compiling module '**'("C:\Users\Korea\Documents\RT_AudioPS 31\src\iir_filter_eqa3\iir_filter_eqa3.v":0)
Compiling module '**'("C:\Users\Korea\Documents\RT_AudioPS 31\src\iir_filter_eqa3\iir_filter_eqa3.v":0)
Compiling module '**'("C:\Users\Korea\Documents\RT_AudioPS 31\src\iir_filter_eqa3\iir_filter_eqa3.v":0)
Compiling module '**'("C:\Users\Korea\Documents\RT_AudioPS 31\src\iir_filter_eqa3\iir_filter_eqa3.v":0)
Compiling module '**'("C:\Users\Korea\Documents\RT_AudioPS 31\src\iir_filter_eqa3\iir_filter_eqa3.v":0)
Compiling module '**'("C:\Users\Korea\Documents\RT_AudioPS 31\src\iir_filter_eqa3\iir_filter_eqa3.v":0)
Compiling module '**'("C:\Users\Korea\Documents\RT_AudioPS 31\src\iir_filter_eqa3\iir_filter_eqa3.v":0)
Compiling module '**'("C:\Users\Korea\Documents\RT_AudioPS 31\src\iir_filter_eqa3\iir_filter_eqa3.v":0)
Compiling module '**'("C:\Users\Korea\Documents\RT_AudioPS 31\src\iir_filter_eqa3\iir_filter_eqa3.v":0)
Compiling module '**'("C:\Users\Korea\Documents\RT_AudioPS 31\src\iir_filter_eqa3\iir_filter_eqa3.v":0)
Compiling module '**'("C:\Users\Korea\Documents\RT_AudioPS 31\src\iir_filter_eqa3\iir_filter_eqa3.v":0)
Compiling module '**'("C:\Users\Korea\Documents\RT_AudioPS 31\src\iir_filter_eqa3\iir_filter_eqa3.v":0)
Compiling module '**'("C:\Users\Korea\Documents\RT_AudioPS 31\src\iir_filter_eqa3\iir_filter_eqa3.v":0)
Compiling module '**'("C:\Users\Korea\Documents\RT_AudioPS 31\src\iir_filter_eqa3\iir_filter_eqa3.v":0)
Compiling module '**'("C:\Users\Korea\Documents\RT_AudioPS 31\src\iir_filter_eqa3\iir_filter_eqa3.v":0)
Compiling module '**'("C:\Users\Korea\Documents\RT_AudioPS 31\src\iir_filter_eqa3\iir_filter_eqa3.v":0)
Compiling module '**'("C:\Users\Korea\Documents\RT_AudioPS 31\src\iir_filter_eqa3\iir_filter_eqa3.v":0)
Compiling module '**'("C:\Users\Korea\Documents\RT_AudioPS 31\src\iir_filter_eqa3\iir_filter_eqa3.v":0)
Compiling module '**'("C:\Users\Korea\Documents\RT_AudioPS 31\src\iir_filter_eqa3\iir_filter_eqa3.v":0)
Compiling module '**'("C:\Users\Korea\Documents\RT_AudioPS 31\src\iir_filter_eqa3\iir_filter_eqa3.v":0)
Compiling module '**'("C:\Users\Korea\Documents\RT_AudioPS 31\src\iir_filter_eqa3\iir_filter_eqa3.v":0)
Compiling module '**'("C:\Users\Korea\Documents\RT_AudioPS 31\src\iir_filter_eqa3\iir_filter_eqa3.v":0)
Compiling module '**'("C:\Users\Korea\Documents\RT_AudioPS 31\src\iir_filter_eqa3\iir_filter_eqa3.v":0)
Compiling module '**'("C:\Users\Korea\Documents\RT_AudioPS 31\src\iir_filter_eqa3\iir_filter_eqa3.v":0)
WARN  (EX3670) : Actual bit length 18 differs from formal bit length 32 for port 'coeff_a'("C:\Users\Korea\Documents\RT_AudioPS 31\src\eqa\eqa.v":207)
WARN  (EX3670) : Actual bit length 18 differs from formal bit length 32 for port 'coeff_b'("C:\Users\Korea\Documents\RT_AudioPS 31\src\eqa\eqa.v":208)
Compiling module 'IIR_Filter_Top_eqa4'("C:\Users\Korea\Documents\RT_AudioPS 31\src\iir_filter_eqa4\iir_filter_eqa4.v":3070)
Compiling module '**'("C:\Users\Korea\Documents\RT_AudioPS 31\src\iir_filter_eqa4\iir_filter_eqa4.v":0)
Compiling module '**'("C:\Users\Korea\Documents\RT_AudioPS 31\src\iir_filter_eqa4\iir_filter_eqa4.v":0)
Compiling module '**'("C:\Users\Korea\Documents\RT_AudioPS 31\src\iir_filter_eqa4\iir_filter_eqa4.v":0)
Compiling module '**'("C:\Users\Korea\Documents\RT_AudioPS 31\src\iir_filter_eqa4\iir_filter_eqa4.v":0)
Compiling module '**'("C:\Users\Korea\Documents\RT_AudioPS 31\src\iir_filter_eqa4\iir_filter_eqa4.v":0)
Compiling module '**'("C:\Users\Korea\Documents\RT_AudioPS 31\src\iir_filter_eqa4\iir_filter_eqa4.v":0)
Compiling module '**'("C:\Users\Korea\Documents\RT_AudioPS 31\src\iir_filter_eqa4\iir_filter_eqa4.v":0)
Compiling module '**'("C:\Users\Korea\Documents\RT_AudioPS 31\src\iir_filter_eqa4\iir_filter_eqa4.v":0)
Compiling module '**'("C:\Users\Korea\Documents\RT_AudioPS 31\src\iir_filter_eqa4\iir_filter_eqa4.v":0)
Compiling module '**'("C:\Users\Korea\Documents\RT_AudioPS 31\src\iir_filter_eqa4\iir_filter_eqa4.v":0)
Compiling module '**'("C:\Users\Korea\Documents\RT_AudioPS 31\src\iir_filter_eqa4\iir_filter_eqa4.v":0)
Compiling module '**'("C:\Users\Korea\Documents\RT_AudioPS 31\src\iir_filter_eqa4\iir_filter_eqa4.v":0)
Compiling module '**'("C:\Users\Korea\Documents\RT_AudioPS 31\src\iir_filter_eqa4\iir_filter_eqa4.v":0)
Compiling module '**'("C:\Users\Korea\Documents\RT_AudioPS 31\src\iir_filter_eqa4\iir_filter_eqa4.v":0)
Compiling module '**'("C:\Users\Korea\Documents\RT_AudioPS 31\src\iir_filter_eqa4\iir_filter_eqa4.v":0)
Compiling module '**'("C:\Users\Korea\Documents\RT_AudioPS 31\src\iir_filter_eqa4\iir_filter_eqa4.v":0)
Compiling module '**'("C:\Users\Korea\Documents\RT_AudioPS 31\src\iir_filter_eqa4\iir_filter_eqa4.v":0)
Compiling module '**'("C:\Users\Korea\Documents\RT_AudioPS 31\src\iir_filter_eqa4\iir_filter_eqa4.v":0)
Compiling module '**'("C:\Users\Korea\Documents\RT_AudioPS 31\src\iir_filter_eqa4\iir_filter_eqa4.v":0)
Compiling module '**'("C:\Users\Korea\Documents\RT_AudioPS 31\src\iir_filter_eqa4\iir_filter_eqa4.v":0)
Compiling module '**'("C:\Users\Korea\Documents\RT_AudioPS 31\src\iir_filter_eqa4\iir_filter_eqa4.v":0)
Compiling module '**'("C:\Users\Korea\Documents\RT_AudioPS 31\src\iir_filter_eqa4\iir_filter_eqa4.v":0)
Compiling module '**'("C:\Users\Korea\Documents\RT_AudioPS 31\src\iir_filter_eqa4\iir_filter_eqa4.v":0)
Compiling module '**'("C:\Users\Korea\Documents\RT_AudioPS 31\src\iir_filter_eqa4\iir_filter_eqa4.v":0)
Compiling module '**'("C:\Users\Korea\Documents\RT_AudioPS 31\src\iir_filter_eqa4\iir_filter_eqa4.v":0)
WARN  (EX3670) : Actual bit length 18 differs from formal bit length 32 for port 'coeff_a'("C:\Users\Korea\Documents\RT_AudioPS 31\src\eqa\eqa.v":222)
WARN  (EX3670) : Actual bit length 18 differs from formal bit length 32 for port 'coeff_b'("C:\Users\Korea\Documents\RT_AudioPS 31\src\eqa\eqa.v":223)
Compiling module 'IIR_Filter_Top_eqa5'("C:\Users\Korea\Documents\RT_AudioPS 31\src\iir_filter_eqa5\iir_filter_eqa5.v":3070)
Compiling module '**'("C:\Users\Korea\Documents\RT_AudioPS 31\src\iir_filter_eqa5\iir_filter_eqa5.v":0)
Compiling module '**'("C:\Users\Korea\Documents\RT_AudioPS 31\src\iir_filter_eqa5\iir_filter_eqa5.v":0)
Compiling module '**'("C:\Users\Korea\Documents\RT_AudioPS 31\src\iir_filter_eqa5\iir_filter_eqa5.v":0)
Compiling module '**'("C:\Users\Korea\Documents\RT_AudioPS 31\src\iir_filter_eqa5\iir_filter_eqa5.v":0)
Compiling module '**'("C:\Users\Korea\Documents\RT_AudioPS 31\src\iir_filter_eqa5\iir_filter_eqa5.v":0)
Compiling module '**'("C:\Users\Korea\Documents\RT_AudioPS 31\src\iir_filter_eqa5\iir_filter_eqa5.v":0)
Compiling module '**'("C:\Users\Korea\Documents\RT_AudioPS 31\src\iir_filter_eqa5\iir_filter_eqa5.v":0)
Compiling module '**'("C:\Users\Korea\Documents\RT_AudioPS 31\src\iir_filter_eqa5\iir_filter_eqa5.v":0)
Compiling module '**'("C:\Users\Korea\Documents\RT_AudioPS 31\src\iir_filter_eqa5\iir_filter_eqa5.v":0)
Compiling module '**'("C:\Users\Korea\Documents\RT_AudioPS 31\src\iir_filter_eqa5\iir_filter_eqa5.v":0)
Compiling module '**'("C:\Users\Korea\Documents\RT_AudioPS 31\src\iir_filter_eqa5\iir_filter_eqa5.v":0)
Compiling module '**'("C:\Users\Korea\Documents\RT_AudioPS 31\src\iir_filter_eqa5\iir_filter_eqa5.v":0)
Compiling module '**'("C:\Users\Korea\Documents\RT_AudioPS 31\src\iir_filter_eqa5\iir_filter_eqa5.v":0)
Compiling module '**'("C:\Users\Korea\Documents\RT_AudioPS 31\src\iir_filter_eqa5\iir_filter_eqa5.v":0)
Compiling module '**'("C:\Users\Korea\Documents\RT_AudioPS 31\src\iir_filter_eqa5\iir_filter_eqa5.v":0)
Compiling module '**'("C:\Users\Korea\Documents\RT_AudioPS 31\src\iir_filter_eqa5\iir_filter_eqa5.v":0)
Compiling module '**'("C:\Users\Korea\Documents\RT_AudioPS 31\src\iir_filter_eqa5\iir_filter_eqa5.v":0)
Compiling module '**'("C:\Users\Korea\Documents\RT_AudioPS 31\src\iir_filter_eqa5\iir_filter_eqa5.v":0)
Compiling module '**'("C:\Users\Korea\Documents\RT_AudioPS 31\src\iir_filter_eqa5\iir_filter_eqa5.v":0)
Compiling module '**'("C:\Users\Korea\Documents\RT_AudioPS 31\src\iir_filter_eqa5\iir_filter_eqa5.v":0)
Compiling module '**'("C:\Users\Korea\Documents\RT_AudioPS 31\src\iir_filter_eqa5\iir_filter_eqa5.v":0)
Compiling module '**'("C:\Users\Korea\Documents\RT_AudioPS 31\src\iir_filter_eqa5\iir_filter_eqa5.v":0)
Compiling module '**'("C:\Users\Korea\Documents\RT_AudioPS 31\src\iir_filter_eqa5\iir_filter_eqa5.v":0)
Compiling module '**'("C:\Users\Korea\Documents\RT_AudioPS 31\src\iir_filter_eqa5\iir_filter_eqa5.v":0)
Compiling module '**'("C:\Users\Korea\Documents\RT_AudioPS 31\src\iir_filter_eqa5\iir_filter_eqa5.v":0)
WARN  (EX3670) : Actual bit length 18 differs from formal bit length 32 for port 'coeff_a'("C:\Users\Korea\Documents\RT_AudioPS 31\src\eqa\eqa.v":237)
WARN  (EX3670) : Actual bit length 18 differs from formal bit length 32 for port 'coeff_b'("C:\Users\Korea\Documents\RT_AudioPS 31\src\eqa\eqa.v":238)
Compiling module 'distortion'("C:\Users\Korea\Documents\RT_AudioPS 31\src\distortion\distortion.v":1)
Compiling module 'iir(SINGLE_DAC_WIDTH=16,DAC_DATA_WIDTH=32)'("C:\Users\Korea\Documents\RT_AudioPS 31\src\iir\iir.v":1)
WARN  (EX3791) : Expression size 6 truncated to fit in target size 4("C:\Users\Korea\Documents\RT_AudioPS 31\src\iir\iir.v":124)
WARN  (EX3791) : Expression size 32 truncated to fit in target size 4("C:\Users\Korea\Documents\RT_AudioPS 31\src\iir\iir.v":131)
WARN  (EX3791) : Expression size 5 truncated to fit in target size 4("C:\Users\Korea\Documents\RT_AudioPS 31\src\iir\iir.v":179)
Compiling module 'IIR_Filter_Top'("C:\Users\Korea\Documents\RT_AudioPS 31\src\iir_filter\iir_filter.v":3050)
Compiling module '**'("C:\Users\Korea\Documents\RT_AudioPS 31\src\iir_filter\iir_filter.v":0)
Compiling module '**'("C:\Users\Korea\Documents\RT_AudioPS 31\src\iir_filter\iir_filter.v":0)
Compiling module '**'("C:\Users\Korea\Documents\RT_AudioPS 31\src\iir_filter\iir_filter.v":0)
Compiling module '**'("C:\Users\Korea\Documents\RT_AudioPS 31\src\iir_filter\iir_filter.v":0)
Compiling module '**'("C:\Users\Korea\Documents\RT_AudioPS 31\src\iir_filter\iir_filter.v":0)
Compiling module '**'("C:\Users\Korea\Documents\RT_AudioPS 31\src\iir_filter\iir_filter.v":0)
Compiling module '**'("C:\Users\Korea\Documents\RT_AudioPS 31\src\iir_filter\iir_filter.v":0)
Compiling module '**'("C:\Users\Korea\Documents\RT_AudioPS 31\src\iir_filter\iir_filter.v":0)
Compiling module '**'("C:\Users\Korea\Documents\RT_AudioPS 31\src\iir_filter\iir_filter.v":0)
Compiling module '**'("C:\Users\Korea\Documents\RT_AudioPS 31\src\iir_filter\iir_filter.v":0)
Compiling module '**'("C:\Users\Korea\Documents\RT_AudioPS 31\src\iir_filter\iir_filter.v":0)
Compiling module '**'("C:\Users\Korea\Documents\RT_AudioPS 31\src\iir_filter\iir_filter.v":0)
Compiling module '**'("C:\Users\Korea\Documents\RT_AudioPS 31\src\iir_filter\iir_filter.v":0)
Compiling module '**'("C:\Users\Korea\Documents\RT_AudioPS 31\src\iir_filter\iir_filter.v":0)
Compiling module '**'("C:\Users\Korea\Documents\RT_AudioPS 31\src\iir_filter\iir_filter.v":0)
Compiling module '**'("C:\Users\Korea\Documents\RT_AudioPS 31\src\iir_filter\iir_filter.v":0)
Compiling module '**'("C:\Users\Korea\Documents\RT_AudioPS 31\src\iir_filter\iir_filter.v":0)
Compiling module '**'("C:\Users\Korea\Documents\RT_AudioPS 31\src\iir_filter\iir_filter.v":0)
Compiling module '**'("C:\Users\Korea\Documents\RT_AudioPS 31\src\iir_filter\iir_filter.v":0)
Compiling module '**'("C:\Users\Korea\Documents\RT_AudioPS 31\src\iir_filter\iir_filter.v":0)
Compiling module '**'("C:\Users\Korea\Documents\RT_AudioPS 31\src\iir_filter\iir_filter.v":0)
Compiling module '**'("C:\Users\Korea\Documents\RT_AudioPS 31\src\iir_filter\iir_filter.v":0)
Compiling module '**'("C:\Users\Korea\Documents\RT_AudioPS 31\src\iir_filter\iir_filter.v":0)
Compiling module '**'("C:\Users\Korea\Documents\RT_AudioPS 31\src\iir_filter\iir_filter.v":0)
Compiling module '**'("C:\Users\Korea\Documents\RT_AudioPS 31\src\iir_filter\iir_filter.v":0)
WARN  (EX3670) : Actual bit length 18 differs from formal bit length 32 for port 'coeff_a'("C:\Users\Korea\Documents\RT_AudioPS 31\src\iir\iir.v":282)
WARN  (EX3670) : Actual bit length 18 differs from formal bit length 32 for port 'coeff_b'("C:\Users\Korea\Documents\RT_AudioPS 31\src\iir\iir.v":283)
WARN  (EX3670) : Actual bit length 18 differs from formal bit length 32 for port 'coeff_a'("C:\Users\Korea\Documents\RT_AudioPS 31\src\iir\iir.v":297)
WARN  (EX3670) : Actual bit length 18 differs from formal bit length 32 for port 'coeff_b'("C:\Users\Korea\Documents\RT_AudioPS 31\src\iir\iir.v":298)
Compiling module 'uart_data_rx(DATA_WIDTH=24)'("C:\Users\Korea\Documents\RT_AudioPS 31\src\uart\uart_data_rx.v":41)
Compiling module 'uart_byte_rx'("C:\Users\Korea\Documents\RT_AudioPS 31\src\uart\uart_byte_rx.v":20)
Compiling module 'uart_data_tx(DATA_WIDTH=24)'("C:\Users\Korea\Documents\RT_AudioPS 31\src\uart\uart_data_tx.v":42)
Compiling module 'uart_byte_tx'("C:\Users\Korea\Documents\RT_AudioPS 31\src\uart\uart_byte_tx.v":20)
Compiling module 'cmd_ctrl'("C:\Users\Korea\Documents\RT_AudioPS 31\src\cmd_ctrl\cmd_ctrl.v":20)
Compiling module 'Gowin_RAM16SDP'("C:\Users\Korea\Documents\RT_AudioPS 31\src\gowin_ram16sdp\gowin_ram16sdp.v":10)
WARN  (EX3670) : Actual bit length 2 differs from formal bit length 4 for port 'DO'("C:\Users\Korea\Documents\RT_AudioPS 31\src\gowin_ram16sdp\gowin_ram16sdp.v":180)
WARN  (EX3670) : Actual bit length 2 differs from formal bit length 4 for port 'DI'("C:\Users\Korea\Documents\RT_AudioPS 31\src\gowin_ram16sdp\gowin_ram16sdp.v":181)
WARN  (EX3670) : Actual bit length 2 differs from formal bit length 4 for port 'DO'("C:\Users\Korea\Documents\RT_AudioPS 31\src\gowin_ram16sdp\gowin_ram16sdp.v":250)
WARN  (EX3670) : Actual bit length 2 differs from formal bit length 4 for port 'DI'("C:\Users\Korea\Documents\RT_AudioPS 31\src\gowin_ram16sdp\gowin_ram16sdp.v":251)
WARN  (EX3670) : Actual bit length 2 differs from formal bit length 4 for port 'DO'("C:\Users\Korea\Documents\RT_AudioPS 31\src\gowin_ram16sdp\gowin_ram16sdp.v":320)
WARN  (EX3670) : Actual bit length 2 differs from formal bit length 4 for port 'DI'("C:\Users\Korea\Documents\RT_AudioPS 31\src\gowin_ram16sdp\gowin_ram16sdp.v":321)
WARN  (EX3670) : Actual bit length 2 differs from formal bit length 4 for port 'DO'("C:\Users\Korea\Documents\RT_AudioPS 31\src\gowin_ram16sdp\gowin_ram16sdp.v":390)
WARN  (EX3670) : Actual bit length 2 differs from formal bit length 4 for port 'DI'("C:\Users\Korea\Documents\RT_AudioPS 31\src\gowin_ram16sdp\gowin_ram16sdp.v":391)
WARN  (EX1998) : Net 'send_en' does not have a driver("C:\Users\Korea\Documents\RT_AudioPS 31\src\top\RT_AudioPS.v":926)
Compiling module 'gw_gao'("C:\Users\Korea\Documents\RT_AudioPS 31\impl\gwsynthesis\RTL_GAO\gw_gao_top.v":1)
Compiling module 'GW_JTAG'("D:\Gowin\Gowin_V1.9.9_x64\IDE\data\ipcores\gw_jtag.v":1)
Compiling module '**'("D:\Gowin\Gowin_V1.9.9_x64\IDE\data\ipcores\GAO\GW_CON\gw_con_top.v":0)
Compiling module '**'("D:\Gowin\Gowin_V1.9.9_x64\IDE\data\ipcores\GAO\GW_AO_0\gw_ao_top.v":0)
Compiling module '**'("D:\Gowin\Gowin_V1.9.9_x64\IDE\data\ipcores\GAO\GW_AO_0\gw_ao_mem_ctrl.v":0)
Extracting RAM for identifier '**'("D:\Gowin\Gowin_V1.9.9_x64\IDE\data\ipcores\GAO\GW_AO_0\gw_ao_mem_ctrl.v":0)
Compiling module '**'("D:\Gowin\Gowin_V1.9.9_x64\IDE\data\ipcores\GAO\GW_AO_0\gw_ao_crc32.v":0)
Compiling module '**'("D:\Gowin\Gowin_V1.9.9_x64\IDE\data\ipcores\GAO\GW_AO_0\gw_ao_match.v":0)
Trying to combine GAO to RTL design
NOTE  (EX0101) : Current top module is "RT_AudioPS"
[5%] Running netlist conversion ...
WARN  (CV0016) : Input I2S_DACLRC is unused("C:\Users\Korea\Documents\RT_AudioPS 31\src\top\RT_AudioPS.v":23)
Running device independent optimization ...
[10%] Optimizing Phase 0 completed
[15%] Optimizing Phase 1 completed
[25%] Optimizing Phase 2 completed
Running inference ...
[30%] Inferring Phase 0 completed
[40%] Inferring Phase 1 completed
[50%] Inferring Phase 2 completed
[55%] Inferring Phase 3 completed
Running technical mapping ...
[60%] Tech-Mapping Phase 0 completed
[65%] Tech-Mapping Phase 1 completed
[75%] Tech-Mapping Phase 2 completed
[80%] Tech-Mapping Phase 3 completed
[90%] Tech-Mapping Phase 4 completed
[95%] Generate netlist file "C:\Users\Korea\Documents\RT_AudioPS 31\impl\gwsynthesis\RT_AudioPS.vg" completed
[100%] Generate report file "C:\Users\Korea\Documents\RT_AudioPS 31\impl\gwsynthesis\RT_AudioPS_syn.rpt.html" completed
GowinSynthesis finish
